<?xml version="1.0" encoding="utf-8"?><testsuites name="pytest tests"><testsuite name="pytest" errors="11" failures="0" skipped="0" tests="13" time="1.093" timestamp="2026-07-14T17:03:33.490089+00:00" hostname="agent-env-06e95109-8d14-434c-9051-155dace37f8c"><testcase classname="tests.test_iteration17_ai_smart.TestGenerateTitle" name="test_happy_path" time="0.261"><error message="failed on setup with &quot;AssertionError: {&quot;detail&quot;:&quot;Too many OTP requests. Try again in 161 seconds.&quot;}&#10;assert 429 == 200&#10; +  where 429 = &lt;Response [429]&gt;.status_code&quot;">E   AssertionError: {"detail":"Too many OTP requests. Try again in 161 seconds."}
    assert 429 == 200
     +  where 429 = &lt;Response [429]&gt;.status_code</error></testcase><testcase classname="tests.test_iteration17_ai_smart.TestDetectCategory" name="test_happy_path" time="0.000"><error message="failed on setup with &quot;AssertionError: {&quot;detail&quot;:&quot;Too many OTP requests. Try again in 161 seconds.&quot;}&#10;assert 429 == 200&#10; +  where 429 = &lt;Response [429]&gt;.status_code&quot;">E   AssertionError: {"detail":"Too many OTP requests. Try again in 161 seconds."}
    assert 429 == 200
     +  where 429 = &lt;Response [429]&gt;.status_code</error></testcase><testcase classname="tests.test_iteration17_ai_smart.TestDetectCategory" name="test_needs_content" time="0.000"><error message="failed on setup with &quot;AssertionError: {&quot;detail&quot;:&quot;Too many OTP requests. Try again in 161 seconds.&quot;}&#10;assert 429 == 200&#10; +  where 429 = &lt;Response [429]&gt;.status_code&quot;">E   AssertionError: {"detail":"Too many OTP requests. Try again in 161 seconds."}
    assert 429 == 200
     +  where 429 = &lt;Response [429]&gt;.status_code</error></testcase><testcase classname="tests.test_iteration17_ai_smart.TestParseDemand" name="test_happy_path" time="0.000"><error message="failed on setup with &quot;AssertionError: {&quot;detail&quot;:&quot;Too many OTP requests. Try again in 161 seconds.&quot;}&#10;assert 429 == 200&#10; +  where 429 = &lt;Response [429]&gt;.status_code&quot;">E   AssertionError: {"detail":"Too many OTP requests. Try again in 161 seconds."}
    assert 429 == 200
     +  where 429 = &lt;Response [429]&gt;.status_code</error></testcase><testcase classname="tests.test_iteration17_ai_smart.TestMatchVendors" name="test_happy_path" time="0.000"><error message="failed on setup with &quot;AssertionError: {&quot;detail&quot;:&quot;Too many OTP requests. Try again in 161 seconds.&quot;}&#10;assert 429 == 200&#10; +  where 429 = &lt;Response [429]&gt;.status_code&quot;">E   AssertionError: {"detail":"Too many OTP requests. Try again in 161 seconds."}
    assert 429 == 200
     +  where 429 = &lt;Response [429]&gt;.status_code</error></testcase><testcase classname="tests.test_iteration17_ai_smart.TestSuggestPrice" name="test_happy_path" time="0.000"><error message="failed on setup with &quot;AssertionError: {&quot;detail&quot;:&quot;Too many OTP requests. Try again in 161 seconds.&quot;}&#10;assert 429 == 200&#10; +  where 429 = &lt;Response [429]&gt;.status_code&quot;">E   AssertionError: {"detail":"Too many OTP requests. Try again in 161 seconds."}
    assert 429 == 200
     +  where 429 = &lt;Response [429]&gt;.status_code</error></testcase><testcase classname="tests.test_iteration17_ai_smart.TestNegotiate" name="test_write_message" time="0.000"><error message="failed on setup with &quot;AssertionError: {&quot;detail&quot;:&quot;Too many OTP requests. Try again in 161 seconds.&quot;}&#10;assert 429 == 200&#10; +  where 429 = &lt;Response [429]&gt;.status_code&quot;">E   AssertionError: {"detail":"Too many OTP requests. Try again in 161 seconds."}
    assert 429 == 200
     +  where 429 = &lt;Response [429]&gt;.status_code</error></testcase><testcase classname="tests.test_iteration17_ai_smart.TestNegotiate" name="test_suggest_counter" time="0.000"><error message="failed on setup with &quot;AssertionError: {&quot;detail&quot;:&quot;Too many OTP requests. Try again in 161 seconds.&quot;}&#10;assert 429 == 200&#10; +  where 429 = &lt;Response [429]&gt;.status_code&quot;">E   AssertionError: {"detail":"Too many OTP requests. Try again in 161 seconds."}
    assert 429 == 200
     +  where 429 = &lt;Response [429]&gt;.status_code</error></testcase><testcase classname="tests.test_iteration17_ai_smart.TestNegotiate" name="test_analyze_situation" time="0.000"><error message="failed on setup with &quot;AssertionError: {&quot;detail&quot;:&quot;Too many OTP requests. Try again in 161 seconds.&quot;}&#10;assert 429 == 200&#10; +  where 429 = &lt;Response [429]&gt;.status_code&quot;">E   AssertionError: {"detail":"Too many OTP requests. Try again in 161 seconds."}
    assert 429 == 200
     +  where 429 = &lt;Response [429]&gt;.status_code</error></testcase><testcase classname="tests.test_iteration17_ai_smart.TestNegotiate" name="test_non_participant_denied" time="0.347"><error message="failed on setup with &quot;AssertionError: {&quot;detail&quot;:&quot;Too many OTP requests. Try again in 161 seconds.&quot;}&#10;assert 429 == 200&#10; +  where 429 = &lt;Response [429]&gt;.status_code&quot;">E   AssertionError: {"detail":"Too many OTP requests. Try again in 161 seconds."}
    assert 429 == 200
     +  where 429 = &lt;Response [429]&gt;.status_code</error></testcase><testcase classname="tests.test_iteration17_ai_smart.TestRegression" name="test_health" time="0.166" /><testcase classname="tests.test_iteration17_ai_smart.TestRegression" name="test_openapi_ops_count" time="0.259" /><testcase classname="tests.test_iteration17_ai_smart.TestRegression" name="test_improve_description_still_works" time="0.000"><error message="failed on setup with &quot;AssertionError: {&quot;detail&quot;:&quot;Too many OTP requests. Try again in 161 seconds.&quot;}&#10;assert 429 == 200&#10; +  where 429 = &lt;Response [429]&gt;.status_code&quot;">E   AssertionError: {"detail":"Too many OTP requests. Try again in 161 seconds."}
    assert 429 == 200
     +  where 429 = &lt;Response [429]&gt;.status_code</error></testcase></testsuite></testsuites>