<?xml version="1.0" encoding="utf-8"?><testsuites name="pytest tests"><testsuite name="pytest" errors="0" failures="0" skipped="0" tests="16" time="1.596" timestamp="2026-07-12T23:20:51.507216+00:00" hostname="agent-env-06e95109-8d14-434c-9051-155dace37f8c"><testcase classname="tests.test_phase6b.TestReelsAndPollution" name="test_reels_feed_ge_15" time="0.191" /><testcase classname="tests.test_phase6.TestSeedEndpoint" name="test_openapi_has_seed_and_leaderboard" time="0.167" /><testcase classname="tests.test_phase6.TestSeedEndpoint" name="test_seed_non_admin_403" time="0.311" /><testcase classname="tests.test_phase6b.TestReelsAndPollution" name="test_public_listings_excludes_test_prefixed_titles" time="0.097" /><testcase classname="tests.test_phase6b.TestReelsAndPollution" name="test_feed_excludes_test_prefixed_titles" time="0.209" /><testcase classname="tests.test_phase6b.TestReelsAndPollution" name="test_404_route_serves_html" time="0.108" /><testcase classname="tests.test_phase6.TestFastResponderLeaderboard" name="test_public_leaderboard_works" time="0.140" /><testcase classname="tests.test_phase6.TestSeedEndpoint" name="test_admin_seed_wipe_and_populate" time="0.481" /><testcase classname="tests.test_phase6.TestFastResponderLeaderboard" name="test_leaderboard_sorted_by_speed" time="0.103" /><testcase classname="tests.test_phase6.TestFastResponderLeaderboard" name="test_leaderboard_city_filter" time="0.100" /><testcase classname="tests.test_phase6.TestPwa" name="test_manifest_json" time="0.096" /><testcase classname="tests.test_phase6.TestSeedEndpoint" name="test_public_listings_reflects_seed" time="0.104" /><testcase classname="tests.test_phase6.TestPwa" name="test_service_worker_served" time="0.096" /><testcase classname="tests.test_phase6.TestSeedEndpoint" name="test_admin_analytics_shows_data" time="0.116" /><testcase classname="tests.test_phase6.TestPwa" name="test_offline_page" time="0.109" /><testcase classname="tests.test_phase6.TestRegression" name="test_health" time="0.100" /></testsuite></testsuites>