<?xml version="1.0" encoding="utf-8"?><testsuites name="pytest tests"><testsuite name="pytest" errors="0" failures="0" skipped="0" tests="15" time="3.812" timestamp="2026-07-14T15:22:17.477925+00:00" hostname="agent-env-06e95109-8d14-434c-9051-155dace37f8c"><testcase classname="tests.test_iteration14" name="test_dev_admin_login_returns_jwt" time="0.306" /><testcase classname="tests.test_iteration14" name="test_dev_admin_login_bad_token" time="0.161" /><testcase classname="tests.test_iteration15" name="test_role_activity_structure_and_creator_scoping" time="0.539" /><testcase classname="tests.test_iteration14" name="test_role_activity" time="0.154" /><testcase classname="tests.test_iteration15" name="test_openapi_has_role_activity_and_140plus_ops" time="0.263" /><testcase classname="tests.test_iteration14" name="test_cart_empty_initial" time="0.348" /><testcase classname="tests.test_iteration15" name="test_health" time="0.145" /><testcase classname="tests.test_iteration14" name="test_cart_add_update_delete" time="0.586" /><testcase classname="tests.test_iteration14" name="test_cart_checkout" time="0.447" /><testcase classname="tests.test_iteration14" name="test_cart_checkout_empty_400" time="0.296" /><testcase classname="tests.test_iteration14" name="test_cart_requires_auth" time="0.184" /><testcase classname="tests.test_iteration14" name="test_more_from_vendor" time="0.161" /><testcase classname="tests.test_iteration14" name="test_more_from_vendor_invalid_id" time="0.131" /><testcase classname="tests.test_iteration14" name="test_openapi_new_routes" time="0.180" /><testcase classname="tests.test_iteration14" name="test_google_session_exchange_invalid" time="0.511" /></testsuite></testsuites>