<?xml version="1.0" encoding="utf-8"?><testsuites name="pytest tests"><testsuite name="pytest" errors="0" failures="0" skipped="0" tests="9" time="2.228" timestamp="2026-07-14T14:49:27.161950+00:00" hostname="agent-env-06e95109-8d14-434c-9051-155dace37f8c"><testcase classname="tests.test_iteration13_fix5" name="test_admin_phone_file_has_phone_and_token" time="0.000" /><testcase classname="tests.test_iteration13_fix5" name="test_dev_admin_login_success" time="0.208" /><testcase classname="tests.test_iteration13_fix5" name="test_admin_jwt_hits_protected_endpoint" time="0.140" /><testcase classname="tests.test_iteration13_fix5" name="test_dev_admin_login_wrong_token_401" time="0.191" /><testcase classname="tests.test_iteration13_fix5" name="test_dev_admin_login_rate_limit" time="0.900" /><testcase classname="tests.test_iteration13_fix5" name="test_openapi_has_dev_admin_and_switch_role" time="0.203" /><testcase classname="tests.test_iteration13_fix5" name="test_non_admin_otp_returns_dev_otp" time="0.151" /><testcase classname="tests.test_iteration13_fix5" name="test_admin_otp_hidden" time="0.139" /><testcase classname="tests.test_iteration13_fix5" name="test_google_session_exchange_invalid_401" time="0.237" /></testsuite></testsuites>