<?xml version="1.0" encoding="utf-8"?><testsuites name="pytest tests"><testsuite name="pytest" errors="0" failures="0" skipped="0" tests="12" time="3.472" timestamp="2026-07-14T15:10:37.042532+00:00" hostname="agent-env-06e95109-8d14-434c-9051-155dace37f8c"><testcase classname="tests.test_iteration14" name="test_dev_admin_login_returns_jwt" time="0.275" /><testcase classname="tests.test_iteration14" name="test_dev_admin_login_bad_token" time="0.179" /><testcase classname="tests.test_iteration14" name="test_role_activity" time="0.184" /><testcase classname="tests.test_iteration14" name="test_cart_empty_initial" time="0.178" /><testcase classname="tests.test_iteration14" name="test_cart_add_update_delete" time="0.664" /><testcase classname="tests.test_iteration14" name="test_cart_checkout" time="0.421" /><testcase classname="tests.test_iteration14" name="test_cart_checkout_empty_400" time="0.301" /><testcase classname="tests.test_iteration14" name="test_cart_requires_auth" time="0.137" /><testcase classname="tests.test_iteration14" name="test_more_from_vendor" time="0.181" /><testcase classname="tests.test_iteration14" name="test_more_from_vendor_invalid_id" time="0.140" /><testcase classname="tests.test_iteration14" name="test_openapi_new_routes" time="0.222" /><testcase classname="tests.test_iteration14" name="test_google_session_exchange_invalid" time="0.252" /></testsuite></testsuites>