<?xml version="1.0" encoding="utf-8"?><testsuites name="pytest tests"><testsuite name="pytest" errors="0" failures="0" skipped="0" tests="13" time="1.813" timestamp="2026-07-15T10:40:04.351443+00:00" hostname="agent-env-06e95109-8d14-434c-9051-155dace37f8c"><testcase classname="tests.test_phase7e_identity.TestRegression" name="test_health" time="0.155" /><testcase classname="tests.test_phase7e_identity.TestRegression" name="test_openapi_ops_165" time="0.178" /><testcase classname="tests.test_phase7e_identity.TestKycEndpoints" name="test_aadhaar_valid_approves" time="0.331" /><testcase classname="tests.test_phase7e_identity.TestKycEndpoints" name="test_pan_invalid_400" time="0.102" /><testcase classname="tests.test_phase7e_identity.TestRegression" name="test_legacy_dev_admin_token_login" time="0.104" /><testcase classname="tests.test_phase7e_identity.TestKycEndpoints" name="test_pan_valid_approves" time="0.098" /><testcase classname="tests.test_phase7e_identity.TestKycEndpoints" name="test_gst_valid_approves" time="0.132" /><testcase classname="tests.test_phase7e_identity.TestAdminOtp" name="test_admin_phone_login_returns_admin_role" time="0.191" /><testcase classname="tests.test_phase7e_identity.TestAdminOtp" name="test_fresh_non_admin_login_no_admin_role" time="0.145" /><testcase classname="tests.test_phase7e_identity.TestKycEndpoints" name="test_bank_valid_approves" time="0.108" /><testcase classname="tests.test_phase7e_identity.TestKycEndpoints" name="test_status_summary_all_verified" time="0.106" /><testcase classname="tests.test_phase7e_identity.TestOnboardingChecklist" name="test_checklist_has_3_steps" time="0.181" /><testcase classname="tests.test_phase7e_identity.TestProposalSoftBlock" name="test_unverified_proposal_blocked_then_verified_ok" time="0.553" /></testsuite></testsuites>