<?xml version="1.0" encoding="utf-8"?><testsuites name="pytest tests"><testsuite name="pytest" errors="0" failures="0" skipped="0" tests="14" time="3.788" timestamp="2026-07-12T20:51:28.973436+00:00" hostname="agent-env-06e95109-8d14-434c-9051-155dace37f8c"><testcase classname="tests.test_phase3_socketio.TestHandshake" name="test_public_handshake" time="0.174" /><testcase classname="tests.test_phase3_socketio.TestHandshake" name="test_localhost_handshake" time="0.002" /><testcase classname="tests.test_phase3_socketio.TestHandshake" name="test_old_path_404" time="0.002" /><testcase classname="tests.test_phase3_socketio.TestSocketAuth" name="test_no_token_rejected" time="0.234" /><testcase classname="tests.test_phase3_socketio.TestSocketAuth" name="test_invalid_token_rejected" time="0.194" /><testcase classname="tests.test_phase3_socketio.TestSocketE2E" name="test_message_and_read_and_typing" time="2.068" /><testcase classname="tests.test_phase3_socketio.TestRegression" name="test_health" time="0.096" /><testcase classname="tests.test_phase3_socketio.TestRegression" name="test_openapi_64_endpoints" time="0.111" /><testcase classname="tests.test_phase3_socketio.TestRegression" name="test_feed" time="0.118" /><testcase classname="tests.test_phase3_socketio.TestRegression" name="test_search" time="0.100" /><testcase classname="tests.test_phase3_socketio.TestRegression" name="test_categories" time="0.099" /><testcase classname="tests.test_phase3_socketio.TestRegression" name="test_listings" time="0.103" /><testcase classname="tests.test_phase3_socketio.TestRegression" name="test_my_threads" time="0.123" /><testcase classname="tests.test_phase3_socketio.TestRegression" name="test_thread_dedup" time="0.203" /></testsuite></testsuites>