<?xml version="1.0" encoding="utf-8"?><testsuites name="pytest tests"><testsuite name="pytest" errors="0" failures="0" skipped="1" tests="18" time="9.836" timestamp="2026-07-12T22:36:18.674891+00:00" hostname="agent-env-06e95109-8d14-434c-9051-155dace37f8c"><testcase classname="tests.test_phase5.TestReferral" name="test_referral_code_generated_on_signup" time="0.371" /><testcase classname="tests.test_phase5.TestReferral" name="test_referral_summary_empty_initially" time="0.108" /><testcase classname="tests.test_phase5.TestReferral" name="test_referred_user_signup_with_code" time="0.327" /><testcase classname="tests.test_phase5.TestReferral" name="test_referral_credits_on_first_listing" time="1.202" /><testcase classname="tests.test_phase5.TestVendorAnalytics" name="test_setup" time="0.644" /><testcase classname="tests.test_phase5.TestVendorAnalytics" name="test_view_event_emitted" time="0.798" /><testcase classname="tests.test_phase5.TestVendorAnalytics" name="test_chat_start_and_wa_click_events" time="0.815" /><testcase classname="tests.test_phase5.TestVendorAnalytics" name="test_per_listing" time="0.094" /><testcase classname="tests.test_phase5.TestVendorAnalytics" name="test_timeseries" time="0.114" /><testcase classname="tests.test_phase5.TestVendorAnalytics" name="test_conversion_math" time="0.104" /><testcase classname="tests.test_phase5.TestVendorAnalytics" name="test_non_vendor_blocked" time="0.101" /><testcase classname="tests.test_phase5.TestResponseTime" name="test_first_reply_updates_stats" time="1.872" /><testcase classname="tests.test_phase5.TestResponseTime" name="test_public_vendor_shows_response_time" time="1.670" /><testcase classname="tests.test_phase5.TestOnboarding" name="test_initial_state_zero" time="0.308" /><testcase classname="tests.test_phase5.TestOnboarding" name="test_partial_progress" time="0.602" /><testcase classname="tests.test_phase5.TestNudge" name="test_nudge_scan_no_error" time="0.000"><skipped type="pytest.skip" message="MONGO_URL not set in test env — nudge loop runs in server process">/app/backend/tests/test_phase5.py:317: MONGO_URL not set in test env — nudge loop runs in server process</skipped></testcase><testcase classname="tests.test_phase5.TestRegression" name="test_health" time="0.095" /><testcase classname="tests.test_phase5.TestRegression" name="test_users_me_all_phase_keys" time="0.556" /></testsuite></testsuites>