<?xml version="1.0" encoding="utf-8"?><testsuites name="pytest tests"><testsuite name="pytest" errors="0" failures="0" skipped="0" tests="4" time="1.042" timestamp="2026-07-12T23:17:37.177333+00:00" hostname="agent-env-06e95109-8d14-434c-9051-155dace37f8c"><testcase classname="tests.test_phase6b.TestReelsAndPollution" name="test_reels_feed_ge_15" time="0.249" /><testcase classname="tests.test_phase6b.TestReelsAndPollution" name="test_public_listings_excludes_test_prefixed_titles" time="0.127" /><testcase classname="tests.test_phase6b.TestReelsAndPollution" name="test_feed_excludes_test_prefixed_titles" time="0.244" /><testcase classname="tests.test_phase6b.TestReelsAndPollution" name="test_404_route_serves_html" time="0.108" /></testsuite></testsuites>