<?xml version="1.0" encoding="utf-8"?><testsuites name="pytest tests"><testsuite name="pytest" errors="0" failures="3" skipped="0" tests="22" time="9.173" timestamp="2026-07-13T03:41:19.208251+00:00" hostname="agent-env-06e95109-8d14-434c-9051-155dace37f8c"><testcase classname="tests.test_phase7b_security.TestSEC001AdminOtpHiding" name="test_non_admin_phone_gets_dev_otp" time="0.241" /><testcase classname="tests.test_phase7b_security.TestSEC001AdminOtpHiding" name="test_admin_phone_hides_dev_otp" time="0.109" /><testcase classname="tests.test_phase7b_security.TestSEC001AdminOtpHiding" name="test_admin_can_login_via_log_scraped_otp" time="0.354" /><testcase classname="tests.test_phase7b_security.TestSEC001AdminOtpHiding" name="test_rotate_admin_phone_forbidden_for_non_admin" time="0.333" /><testcase classname="tests.test_phase7b_security.TestSEC001AdminOtpHiding" name="test_admin_phone_artifact_exists" time="0.000" /><testcase classname="tests.test_phase7b_security.TestSEC002VendorPhoneStripped" name="test_public_vendor_response_has_no_phone" time="0.418" /><testcase classname="tests.test_phase7b_security.TestSEC002VendorPhoneStripped" name="test_reveal_contact_requires_auth" time="0.129" /><testcase classname="tests.test_phase7b_security.TestSEC002VendorPhoneStripped" name="test_reveal_self_returns_400" time="0.098" /><testcase classname="tests.test_phase7b_security.TestSEC002VendorPhoneStripped" name="test_reveal_insufficient_credits_402" time="0.835"><failure message="AssertionError: expected 402 (insufficient credits) or 429 (daily limit) after 6 attempts, never observed. Last status was different.&#10;assert (False or False)">backend/tests/test_phase7b_security.py:210: in test_reveal_insufficient_credits_402
    assert seen_402 or seen_429, (
E   AssertionError: expected 402 (insufficient credits) or 429 (daily limit) after 6 attempts, never observed. Last status was different.
E   assert (False or False)</failure></testcase><testcase classname="tests.test_phase7b_security.TestSEC002RevealSuccessAndRateLimit" name="test_reveal_success_then_daily_429" time="0.693"><failure message="AssertionError: first reveal: 500 {&quot;detail&quot;:&quot;Payment failed. Please try again.&quot;}&#10;assert 500 == 200&#10; +  where 500 = &lt;Response [500]&gt;.status_code">backend/tests/test_phase7b_security.py:231: in test_reveal_success_then_daily_429
    assert r.status_code == 200, f"first reveal: {r.status_code} {r.text}"
E   AssertionError: first reveal: 500 {"detail":"Payment failed. Please try again."}
E   assert 500 == 200
E    +  where 500 = &lt;Response [500]&gt;.status_code</failure></testcase><testcase classname="tests.test_phase7b_security.TestSEC002RevealSuccessAndRateLimit" name="test_contact_reveal_audit_row_written" time="0.185" /><testcase classname="tests.test_phase7b_security.TestSEC003GlobalAiCap" name="test_global_ai_budget_429_when_cap_low" time="1.894" /><testcase classname="tests.test_phase7b_security.TestSEC004VariantNormalization" name="test_create_too_many_options_422" time="0.110" /><testcase classname="tests.test_phase7b_security.TestSEC004VariantNormalization" name="test_create_negative_variant_price_422" time="0.098" /><testcase classname="tests.test_phase7b_security.TestSEC004VariantNormalization" name="test_create_too_many_variants_422" time="0.102" /><testcase classname="tests.test_phase7b_security.TestSEC004VariantNormalization" name="test_update_too_many_options_422" time="0.212" /><testcase classname="tests.test_phase7b_security.TestP3Hardening" name="test_security_headers_present" time="0.092" /><testcase classname="tests.test_phase7b_security.TestP3Hardening" name="test_cors_not_wildcard" time="0.069"><failure message="AssertionError: CORS must not be wildcard: *&#10;assert '*' != '*'">backend/tests/test_phase7b_security.py:393: in test_cors_not_wildcard
    assert origin != "*", f"CORS must not be wildcard: {origin}"
E   AssertionError: CORS must not be wildcard: *
E   assert '*' != '*'</failure></testcase><testcase classname="tests.test_phase7b_security.TestP3Hardening" name="test_purge_response_no_pii" time="0.107" /><testcase classname="tests.test_phase7b_security.TestP3Hardening" name="test_test_integration_rate_limit_21st_429" time="2.163" /><testcase classname="tests.test_phase7b_security.TestRegressions" name="test_openapi_has_new_endpoints_and_op_count" time="0.116" /><testcase classname="tests.test_phase7b_security.TestZZRotateAdminPhone" name="test_rotate_admin_phone_updates_artifact" time="0.691" /></testsuite></testsuites>