<?xml version="1.0" encoding="utf-8"?><testsuites name="pytest tests"><testsuite name="pytest" errors="0" failures="0" skipped="0" tests="9" time="2.261" timestamp="2026-07-12T22:48:16.629249+00:00" hostname="agent-env-06e95109-8d14-434c-9051-155dace37f8c"><testcase classname="tests.test_phase5_wrapup.TestNudgeAdminEndpoints" name="test_openapi_endpoint_count_at_least_125" time="0.180" /><testcase classname="tests.test_phase5_wrapup.TestNudgeAdminEndpoints" name="test_nudge_scan_non_admin_403" time="0.307" /><testcase classname="tests.test_phase5_wrapup.TestNudgeAdminEndpoints" name="test_backdate_non_admin_403" time="0.102" /><testcase classname="tests.test_phase5_wrapup.TestNudgeAdminEndpoints" name="test_setup_listing_and_backdate" time="0.523" /><testcase classname="tests.test_phase5_wrapup.TestNudgeAdminEndpoints" name="test_nudge_scan_hits_backdated_listing" time="0.410" /><testcase classname="tests.test_phase5_wrapup.TestNudgeAdminEndpoints" name="test_nudge_scan_cooldown_idempotent" time="0.104" /><testcase classname="tests.test_phase5_wrapup.TestNudgeAdminEndpoints" name="test_backdate_invalid_days_clamped" time="0.097" /><testcase classname="tests.test_phase5_wrapup.TestNudgeAdminEndpoints" name="test_backdate_unknown_listing_404" time="0.113" /><testcase classname="tests.test_phase5_wrapup.TestNudgeAdminEndpoints" name="test_backdate_bad_id_400" time="0.100" /></testsuite></testsuites>