<?xml version="1.0" encoding="utf-8"?><testsuites name="pytest tests"><testsuite name="pytest" errors="0" failures="2" skipped="1" tests="20" time="18.789" timestamp="2026-07-15T11:02:10.956801+00:00" hostname="agent-env-06e95109-8d14-434c-9051-155dace37f8c"><testcase classname="tests.test_phase7f.TestAdminConsole" name="test_transactions_list" time="0.505" /><testcase classname="tests.test_phase7f.TestAdminConsole" name="test_orders_list" time="0.110" /><testcase classname="tests.test_phase7f.TestAdminConsole" name="test_commissions_list" time="0.097" /><testcase classname="tests.test_phase7f.TestAdminConsole" name="test_commissions_summary" time="0.105" /><testcase classname="tests.test_phase7f.TestAdminConsole" name="test_set_global_commission_rate" time="0.114" /><testcase classname="tests.test_phase7f.TestAdminConsole" name="test_set_category_commission_rate" time="0.113" /><testcase classname="tests.test_phase7f.TestAdminConsole" name="test_audit_log" time="0.093" /><testcase classname="tests.test_phase7f.TestAdminConsole" name="test_transactions_csv" time="0.100"><failure message="AssertionError: Internal Server Error&#10;assert 500 == 200&#10; +  where 500 = &lt;Response [500]&gt;.status_code">backend/tests/test_phase7f.py:109: in test_transactions_csv
    assert r.status_code == 200, r.text
E   AssertionError: Internal Server Error
E   assert 500 == 200
E    +  where 500 = &lt;Response [500]&gt;.status_code</failure></testcase><testcase classname="tests.test_phase7f.TestAdminConsole" name="test_non_admin_forbidden" time="0.889" /><testcase classname="tests.test_phase7f.TestTrustPlus" name="test_admin_is_trusted_plus" time="0.098" /><testcase classname="tests.test_phase7f.TestTrustPlus" name="test_fresh_user_not_trusted_plus" time="0.313" /><testcase classname="tests.test_phase7f.TestTrustPlus" name="test_second_doc_awards_bonus" time="0.805"><failure message="AssertionError: before=0 after=0&#10;assert (0 - 0) &gt;= 100">backend/tests/test_phase7f.py:175: in test_second_doc_awards_bonus
    assert bal_after - bal_before &gt;= 100, f"before={bal_before} after={bal_after}"
E   AssertionError: before=0 after=0
E   assert (0 - 0) &gt;= 100</failure></testcase><testcase classname="tests.test_phase7f.TestCartGuard" name="test_empty_cart_400" time="0.096" /><testcase classname="tests.test_phase7f.TestCartGuard" name="test_cart_unverified_vendor_403" time="0.604"><skipped type="pytest.skip" message="Could not create listing: 422 {&quot;detail&quot;:[{&quot;type&quot;:&quot;string_type&quot;,&quot;loc&quot;:[&quot;body&quot;,&quot;category_id&quot;],&quot;msg&quot;:&quot;Input should be a valid string&quot;,&quot;input&quot;:null,&quot;url&quot;:&quot;https://errors.pydantic.dev/2.13/v/string_type&quot;},{&quot;type&quot;:&quot;missing&quot;,&quot;loc&quot;:[&quot;body">/app/backend/tests/test_phase7f.py:218: Could not create listing: 422 {"detail":[{"type":"string_type","loc":["body","category_id"],"msg":"Input should be a valid string","input":null,"url":"https://errors.pydantic.dev/2.13/v/string_type"},{"type":"missing","loc":["body</skipped></testcase><testcase classname="tests.test_phase7f.TestAiMultimodal" name="test_generate_with_media" time="9.949" /><testcase classname="tests.test_phase7f.TestAiMultimodal" name="test_transcribe_audio" time="3.411" /><testcase classname="tests.test_phase7f.TestKycRateLimitOrdering" name="test_invalid_aadhaar_not_consumed" time="0.948" /><testcase classname="tests.test_phase7f.TestRegression" name="test_endpoint_count" time="0.166" /><testcase classname="tests.test_phase7f.TestRegression" name="test_health" time="0.092" /><testcase classname="tests.test_phase7f.TestRegression" name="test_kyc_verify_admin" time="0.094" /></testsuite></testsuites>