<?xml version="1.0" encoding="utf-8"?><testsuites name="pytest tests"><testsuite name="pytest" errors="0" failures="0" skipped="1" tests="18" time="57.116" timestamp="2026-07-12T22:48:30.630736+00:00" hostname="agent-env-06e95109-8d14-434c-9051-155dace37f8c"><testcase classname="tests.test_phase5.TestReferral" name="test_referral_code_generated_on_signup" time="0.315" /><testcase classname="tests.test_phase5.TestVendorAnalytics" name="test_setup" time="0.684" /><testcase classname="tests.test_phase5.TestReferral" name="test_referral_summary_empty_initially" time="0.116" /><testcase classname="tests.test_phase5.TestReferral" name="test_referred_user_signup_with_code" time="0.412" /><testcase classname="tests.test_phase5.TestVendorAnalytics" name="test_view_event_emitted" time="10.879" /><testcase classname="tests.test_phase5.TestReferral" name="test_referral_credits_on_first_listing" time="21.325" /><testcase classname="tests.test_phase5.TestVendorAnalytics" name="test_chat_start_and_wa_click_events" time="10.904" /><testcase classname="tests.test_phase5.TestResponseTime" name="test_first_reply_updates_stats" time="32.018" /><testcase classname="tests.test_phase5.TestVendorAnalytics" name="test_per_listing" time="0.136" /><testcase classname="tests.test_phase5.TestVendorAnalytics" name="test_timeseries" time="0.109" /><testcase classname="tests.test_phase5.TestVendorAnalytics" name="test_conversion_math" time="0.148" /><testcase classname="tests.test_phase5.TestVendorAnalytics" name="test_non_vendor_blocked" time="0.139" /><testcase classname="tests.test_phase5.TestRegression" name="test_health" time="10.112" /><testcase classname="tests.test_phase5.TestRegression" name="test_users_me_all_phase_keys" time="15.368" /><testcase classname="tests.test_phase5.TestNudge" name="test_nudge_scan_no_error" time="0.000"><skipped type="pytest.skip" message="MONGO_URL not set in test env — nudge loop runs in server process">/app/backend/tests/test_phase5.py:317: MONGO_URL not set in test env — nudge loop runs in server process</skipped></testcase><testcase classname="tests.test_phase5.TestResponseTime" name="test_public_vendor_shows_response_time" time="1.652" /><testcase classname="tests.test_phase5.TestOnboarding" name="test_initial_state_zero" time="0.328" /><testcase classname="tests.test_phase5.TestOnboarding" name="test_partial_progress" time="0.623" /></testsuite></testsuites>