<?xml version="1.0" encoding="utf-8"?><testsuites name="pytest tests"><testsuite name="pytest" errors="0" failures="0" skipped="0" tests="22" time="6.105" timestamp="2026-07-12T21:10:06.532545+00:00" hostname="agent-env-06e95109-8d14-434c-9051-155dace37f8c"><testcase classname="tests.test_phase4a.TestWallet" name="test_wallet_auto_create" time="0.422" /><testcase classname="tests.test_phase4a.TestWallet" name="test_topup_and_simulate_success" time="0.437" /><testcase classname="tests.test_phase4a.TestWallet" name="test_wallet_transactions_lists_deposit" time="0.102" /><testcase classname="tests.test_phase4a.TestSubscriptions" name="test_subscribe_activate_and_cancel" time="0.660" /><testcase classname="tests.test_phase4a.TestKyc" name="test_kyc_submit" time="0.098" /><testcase classname="tests.test_phase4a.TestKyc" name="test_admin_lists_pending" time="0.401" /><testcase classname="tests.test_phase4a.TestKyc" name="test_admin_approve" time="0.199" /><testcase classname="tests.test_phase4a.TestKyc" name="test_non_admin_forbidden" time="0.102" /><testcase classname="tests.test_phase4a.TestReviewsGating" name="test_setup_listing_thread_deal" time="0.476" /><testcase classname="tests.test_phase4a.TestReviewsGating" name="test_listing_review_without_deal_id_403" time="0.112" /><testcase classname="tests.test_phase4a.TestReviewsGating" name="test_review_with_incomplete_deal_403" time="0.106" /><testcase classname="tests.test_phase4a.TestReviewsGating" name="test_vendor_review_without_deal_id_ok" time="0.106" /><testcase classname="tests.test_phase4a.TestReviewsGating" name="test_duplicate_review_409" time="0.097" /><testcase classname="tests.test_phase4a.TestReviewsGating" name="test_vendor_gets_notification_after_review" time="0.911" /><testcase classname="tests.test_phase4a.TestReviewsGating" name="test_complete_deal_and_verified_review" time="0.735" /><testcase classname="tests.test_phase4a.TestReviewsInteractions" name="test_reply_by_vendor" time="0.113" /><testcase classname="tests.test_phase4a.TestReviewsInteractions" name="test_patch_own_review" time="0.132" /><testcase classname="tests.test_phase4a.TestTrustScore" name="test_trust_score_shape" time="0.098" /><testcase classname="tests.test_phase4a.TestTrustScore" name="test_kyc_user_higher_than_unverified" time="0.412" /><testcase classname="tests.test_phase4a.TestRegression" name="test_health" time="0.097" /><testcase classname="tests.test_phase4a.TestRegression" name="test_feed_public" time="0.100" /><testcase classname="tests.test_phase4a.TestRegression" name="test_search_suggest" time="0.103" /></testsuite></testsuites>