<?xml version="1.0" encoding="utf-8"?><testsuites name="pytest tests"><testsuite name="pytest" errors="0" failures="0" skipped="0" tests="13" time="66.789" timestamp="2026-07-13T03:08:08.529669+00:00" hostname="agent-env-06e95109-8d14-434c-9051-155dace37f8c"><testcase classname="tests.test_phase7a_ai_content.TestRegressions" name="test_purge_still_works" time="0.463" /><testcase classname="tests.test_phase7a_ai_content.TestAdminSettings" name="test_get_includes_ai_content" time="0.563" /><testcase classname="tests.test_phase7a_ai_content.TestRegressions" name="test_otp_send_verify_regression" time="0.275" /><testcase classname="tests.test_phase7a_ai_content.TestAdminSettings" name="test_patch_ai_content_persists" time="0.462" /><testcase classname="tests.test_phase7a_ai_content.TestRegressions" name="test_feed_excludes_test_data" time="0.220" /><testcase classname="tests.test_phase7a_ai_content.TestAdminSettings" name="test_test_integration_ai_content_200" time="2.373" /><testcase classname="tests.test_phase7a_ai_content.TestAIGenerate" name="test_generate_ok_shape" time="7.686" /><testcase classname="tests.test_phase7a_ai_content.TestListingFields" name="test_create_with_new_fields_persists" time="0.509" /><testcase classname="tests.test_phase7a_ai_content.TestListingFields" name="test_create_without_new_fields_backcompat" time="0.105" /><testcase classname="tests.test_phase7a_ai_content.TestAIImprove" name="test_improve_hindi_mix" time="1.479" /><testcase classname="tests.test_phase7a_ai_content.TestAIRateLimit" name="test_11th_request_429" time="60.935" /><testcase classname="tests.test_phase7a_ai_content.TestAIGenerate" name="test_generate_non_vendor_403" time="0.301" /><testcase classname="tests.test_phase7a_ai_content.TestOpenAPI" name="test_openapi_has_ai_endpoints_and_count" time="0.166" /></testsuite></testsuites>