<?xml version="1.0" encoding="utf-8"?><testsuites name="pytest tests"><testsuite name="pytest" errors="0" failures="0" skipped="0" tests="14" time="3.511" timestamp="2026-07-12T22:02:05.665541+00:00" hostname="agent-env-06e95109-8d14-434c-9051-155dace37f8c"><testcase classname="tests.test_phase4b.TestAdmin" name="test_analytics_overview" time="0.523" /><testcase classname="tests.test_phase4b.TestAdmin" name="test_users_list_and_ban" time="0.737" /><testcase classname="tests.test_phase4b.TestAdmin" name="test_cannot_ban_admin" time="0.099" /><testcase classname="tests.test_phase4b.TestAdmin" name="test_add_role_never_admin" time="0.104" /><testcase classname="tests.test_phase4b.TestAdmin" name="test_listing_takedown_and_restore" time="0.687" /><testcase classname="tests.test_phase4b.TestAdmin" name="test_non_admin_blocked" time="0.197" /><testcase classname="tests.test_phase4b.TestReports" name="test_create_report" time="0.307" /><testcase classname="tests.test_phase4b.TestReports" name="test_admin_list_open" time="0.099" /><testcase classname="tests.test_phase4b.TestReports" name="test_admin_resolve_takedown" time="0.213" /><testcase classname="tests.test_phase4b.TestReports" name="test_invalid_reason_400" time="0.109" /><testcase classname="tests.test_phase4b.TestRegression" name="test_health" time="0.089" /><testcase classname="tests.test_phase4b.TestRegression" name="test_listings_public" time="0.099" /><testcase classname="tests.test_phase4b.TestRegression" name="test_search_suggest" time="0.097" /><testcase classname="tests.test_phase4b.TestRegression" name="test_users_me_still_has_phase4a_keys" time="0.097" /></testsuite></testsuites>