<?xml version="1.0" encoding="utf-8"?><testsuites name="pytest tests"><testsuite name="pytest" errors="0" failures="0" skipped="0" tests="11" time="3.255" timestamp="2026-07-13T00:52:01.121249+00:00" hostname="agent-env-06e95109-8d14-434c-9051-155dace37f8c"><testcase classname="tests.test_phase6c_purge" name="test_health_ok" time="0.141" /><testcase classname="tests.test_phase6c_purge" name="test_fresh_user_login_and_me" time="0.325" /><testcase classname="tests.test_phase6c_purge" name="test_openapi_lists_purge_endpoint_and_counts" time="0.154" /><testcase classname="tests.test_phase6c_purge" name="test_purge_dry_run_idempotent" time="0.449" /><testcase classname="tests.test_phase6c_purge" name="test_purge_real_and_then_dry_run" time="0.247" /><testcase classname="tests.test_phase6c_purge" name="test_purge_requires_admin" time="0.102" /><testcase classname="tests.test_phase6c_purge" name="test_purge_requires_auth" time="0.101" /><testcase classname="tests.test_phase6c_purge" name="test_reset_demo_realistic_counts" time="0.283" /><testcase classname="tests.test_phase6c_purge" name="test_feed_pristine" time="1.150" /><testcase classname="tests.test_phase6c_purge" name="test_listings_pristine" time="0.123" /><testcase classname="tests.test_phase6c_purge" name="test_fast_responders_leaderboard_pristine" time="0.105" /></testsuite></testsuites>