<?xml version="1.0" encoding="utf-8"?><testsuites name="pytest tests"><testsuite name="pytest" errors="0" failures="0" skipped="0" tests="12" time="1.603" timestamp="2026-07-12T23:01:41.789587+00:00" hostname="agent-env-06e95109-8d14-434c-9051-155dace37f8c"><testcase classname="tests.test_phase6.TestFastResponderLeaderboard" name="test_public_leaderboard_works" time="0.174" /><testcase classname="tests.test_phase6.TestSeedEndpoint" name="test_openapi_has_seed_and_leaderboard" time="0.181" /><testcase classname="tests.test_phase6.TestFastResponderLeaderboard" name="test_leaderboard_sorted_by_speed" time="0.104" /><testcase classname="tests.test_phase6.TestSeedEndpoint" name="test_seed_non_admin_403" time="0.365" /><testcase classname="tests.test_phase6.TestFastResponderLeaderboard" name="test_leaderboard_city_filter" time="0.137" /><testcase classname="tests.test_phase6.TestPwa" name="test_manifest_json" time="0.104" /><testcase classname="tests.test_phase6.TestPwa" name="test_service_worker_served" time="0.113" /><testcase classname="tests.test_phase6.TestPwa" name="test_offline_page" time="0.092" /><testcase classname="tests.test_phase6.TestRegression" name="test_health" time="0.102" /><testcase classname="tests.test_phase6.TestSeedEndpoint" name="test_admin_seed_wipe_and_populate" time="0.506" /><testcase classname="tests.test_phase6.TestSeedEndpoint" name="test_public_listings_reflects_seed" time="0.100" /><testcase classname="tests.test_phase6.TestSeedEndpoint" name="test_admin_analytics_shows_data" time="0.127" /></testsuite></testsuites>