<?xml version="1.0" encoding="utf-8"?><testsuites name="pytest tests"><testsuite name="pytest" errors="0" failures="0" skipped="0" tests="22" time="1.925" timestamp="2026-07-12T19:58:01.972033+00:00" hostname="agent-env-06e95109-8d14-434c-9051-155dace37f8c"><testcase classname="tests.backend_test" name="test_health" time="0.004" /><testcase classname="tests.backend_test" name="test_openapi" time="0.047" /><testcase classname="tests.backend_test" name="test_send_otp_returns_dev_otp" time="0.048" /><testcase classname="tests.backend_test" name="test_invalid_phone_rejected" time="0.042" /><testcase classname="tests.backend_test" name="test_admin_seeded" time="0.001" /><testcase classname="tests.backend_test" name="test_verify_returns_tokens_and_user" time="0.050" /><testcase classname="tests.backend_test" name="test_get_me_with_access_token" time="0.003" /><testcase classname="tests.backend_test" name="test_get_me_without_token" time="0.002" /><testcase classname="tests.backend_test" name="test_duplicate_phone_returns_same_user" time="0.046" /><testcase classname="tests.backend_test" name="test_invalid_otp_attempts" time="0.303" /><testcase classname="tests.backend_test" name="test_otp_stored_as_hash" time="0.045" /><testcase classname="tests.backend_test" name="test_new_otp_invalidates_previous" time="0.130" /><testcase classname="tests.backend_test" name="test_rate_limit_otp_send" time="0.172" /><testcase classname="tests.backend_test" name="test_refresh_rotation_and_reuse_detection" time="0.218" /><testcase classname="tests.backend_test" name="test_logout_revokes_refresh" time="0.173" /><testcase classname="tests.backend_test" name="test_add_role_rejects_admin" time="0.003" /><testcase classname="tests.backend_test" name="test_add_role_creator" time="0.003" /><testcase classname="tests.backend_test" name="test_switch_role" time="0.003" /><testcase classname="tests.backend_test" name="test_switch_role_not_owned" time="0.003" /><testcase classname="tests.backend_test" name="test_patch_profile" time="0.003" /><testcase classname="tests.backend_test" name="test_patch_profile_invalid_current_role" time="0.002" /><testcase classname="tests.backend_test" name="test_mongo_indexes" time="0.001" /></testsuite></testsuites>