<?xml version="1.0" encoding="utf-8"?><testsuites name="pytest tests"><testsuite name="pytest" errors="0" failures="0" skipped="0" tests="8" time="3.608" timestamp="2026-07-15T11:20:08.963570+00:00" hostname="agent-env-06e95109-8d14-434c-9051-155dace37f8c"><testcase classname="tests.test_sec101_concurrent_trust_plus.TestRegressionE2E" name="test_health" time="0.146" /><testcase classname="tests.test_sec101_concurrent_trust_plus.TestRegressionE2E" name="test_openapi_ops_count" time="0.186" /><testcase classname="tests.test_sec101_concurrent_trust_plus.TestSecurityAdminOnly" name="test_non_admin_set_global_rate_403" time="0.417" /><testcase classname="tests.test_sec101_concurrent_trust_plus.TestRegressionE2E" name="test_admin_login_and_dashboard" time="0.375" /><testcase classname="tests.test_sec101_concurrent_trust_plus.TestSecurityAdminOnly" name="test_non_admin_audit_log_403" time="0.101" /><testcase classname="tests.test_sec101_concurrent_trust_plus.TestSecurityAdminOnly" name="test_non_admin_all_admin_plus_endpoints_403" time="0.871" /><testcase classname="tests.test_sec101_concurrent_trust_plus.TestSec101Concurrency" name="test_concurrent_pan_verify_awards_bonus_exactly_once" time="1.192" /><testcase classname="tests.test_sec101_concurrent_trust_plus.TestRegressionSingleAward" name="test_sequential_award_still_works" time="1.052" /></testsuite></testsuites>